OpenROAD 7f00621cb612fd94e15b35790afe744c89d433a7 
This program is licensed under the BSD-3 license. See the LICENSE file for details.
Components of this program may be licensed under more restrictive licenses which must be honored.
Placement Analysis
---------------------------------
total displacement       1686.7 u
average displacement        1.1 u
max displacement           10.1 u
original HPWL           31058.3 u
legalized HPWL          31833.3 u
delta HPWL                    2 %

[INFO DPL-0020] Mirrored 361 instances
[INFO DPL-0021] HPWL before           31833.3 u
[INFO DPL-0022] HPWL after            31314.1 u
[INFO DPL-0023] HPWL delta               -1.6 %
Setting global connections for newly added cells...
Writing OpenROAD database to /home/htf6ry/gf180-demo/openlane/cntr_example/runs/22_12_01_12_39/tmp/routing/diodes.odb...
Writing netlist to /home/htf6ry/gf180-demo/openlane/cntr_example/runs/22_12_01_12_39/tmp/routing/diodes.nl.v...
Writing powered netlist to /home/htf6ry/gf180-demo/openlane/cntr_example/runs/22_12_01_12_39/tmp/routing/diodes.pnl.v...
Writing layout to /home/htf6ry/gf180-demo/openlane/cntr_example/runs/22_12_01_12_39/tmp/routing/diodes.def...
