
===========================================================================
report_checks -unconstrained
============================================================================
Startpoint: io_in[0] (input port clocked by user_clock2)
Endpoint: cntr_example_1/io_in[0] (internal pin)
Path Group: (none)
Path Type: max

Fanout     Cap    Slew   Delay    Time   Description
-----------------------------------------------------------------------------
                         10.00   10.00 ^ input external delay
                  0.87    0.51   10.51 ^ io_in[0] (in)
     1    0.04                           io_in[0] (net)
                  0.88    0.00   10.51 ^ cntr_example_1/io_in[0] (cntr_example)
                                 10.51   data arrival time
-----------------------------------------------------------------------------
(Path is unconstrained)



===========================================================================
report_checks --slack_max -0.01
============================================================================
No paths found.
