
===========================================================================
report_checks -unconstrained
============================================================================
Startpoint: wb_rst_i (input port clocked by wb_clk_i)
Endpoint: _523_ (recovery check against rising-edge clock wb_clk_i)
Path Group: **async_default**
Path Type: max

Fanout     Cap    Slew   Delay    Time   Description
-----------------------------------------------------------------------------
                  0.15    0.00    0.00   clock wb_clk_i (rise edge)
                          0.00    0.00   clock network delay (ideal)
                          6.00    6.00 v input external delay
                  0.09    0.03    6.03 v wb_rst_i (in)
     1    0.00                           wb_rst_i (net)
                  0.09    0.00    6.03 v _427_/I (gf180mcu_fd_sc_mcu7t5v0__buf_1)
                  0.31    0.49    6.53 v _427_/Z (gf180mcu_fd_sc_mcu7t5v0__buf_1)
     5    0.02                           _249_ (net)
                  0.31    0.00    6.53 v _439_/I (gf180mcu_fd_sc_mcu7t5v0__buf_1)
                  0.63    0.80    7.33 v _439_/Z (gf180mcu_fd_sc_mcu7t5v0__buf_1)
    10    0.05                           _251_ (net)
                  0.63    0.00    7.33 v _447_/I (gf180mcu_fd_sc_mcu7t5v0__inv_1)
                  0.34    0.37    7.71 ^ _447_/ZN (gf180mcu_fd_sc_mcu7t5v0__inv_1)
     1    0.01                           _017_ (net)
                  0.34    0.00    7.71 ^ _523_/RN (gf180mcu_fd_sc_mcu7t5v0__dffrnq_1)
                                  7.71   data arrival time

                  0.15   30.00   30.00   clock wb_clk_i (rise edge)
                          0.00   30.00   clock network delay (ideal)
                         -0.25   29.75   clock uncertainty
                          0.00   29.75   clock reconvergence pessimism
                                 29.75 ^ _523_/CLK (gf180mcu_fd_sc_mcu7t5v0__dffrnq_1)
                          0.35   30.10   library recovery time
                                 30.10   data required time
-----------------------------------------------------------------------------
                                 30.10   data required time
                                 -7.71   data arrival time
-----------------------------------------------------------------------------
                                 22.40   slack (MET)


Startpoint: _534_ (rising edge-triggered flip-flop clocked by wb_clk_i)
Endpoint: _532_ (rising edge-triggered flip-flop clocked by wb_clk_i)
Path Group: wb_clk_i
Path Type: max

Fanout     Cap    Slew   Delay    Time   Description
-----------------------------------------------------------------------------
                  0.15    0.00    0.00   clock wb_clk_i (rise edge)
                          0.00    0.00   clock network delay (ideal)
                  0.15    0.00    0.00 ^ _534_/CLK (gf180mcu_fd_sc_mcu7t5v0__dffrnq_1)
                  2.20    2.60    2.60 ^ _534_/Q (gf180mcu_fd_sc_mcu7t5v0__dffrnq_1)
     5    0.09                           io_out[1] (net)
                  2.20    0.01    2.61 ^ _464_/A3 (gf180mcu_fd_sc_mcu7t5v0__and4_1)
                  0.81    1.24    3.84 ^ _464_/Z (gf180mcu_fd_sc_mcu7t5v0__and4_1)
     6    0.03                           _065_ (net)
                  0.81    0.00    3.85 ^ _255_/A3 (gf180mcu_fd_sc_mcu7t5v0__nand4_1)
                  1.61    1.02    4.87 v _255_/ZN (gf180mcu_fd_sc_mcu7t5v0__nand4_1)
     8    0.04                           _104_ (net)
                  1.61    0.00    4.87 v _261_/A2 (gf180mcu_fd_sc_mcu7t5v0__nor3_1)
                  1.85    1.53    6.39 ^ _261_/ZN (gf180mcu_fd_sc_mcu7t5v0__nor3_1)
     5    0.02                           _110_ (net)
                  1.85    0.00    6.39 ^ _262_/A4 (gf180mcu_fd_sc_mcu7t5v0__and4_1)
                  0.56    0.98    7.37 ^ _262_/Z (gf180mcu_fd_sc_mcu7t5v0__and4_1)
     3    0.02                           _111_ (net)
                  0.56    0.00    7.37 ^ _265_/A3 (gf180mcu_fd_sc_mcu7t5v0__and3_1)
                  0.27    0.60    7.97 ^ _265_/Z (gf180mcu_fd_sc_mcu7t5v0__and3_1)
     1    0.00                           _114_ (net)
                  0.27    0.00    7.97 ^ _266_/A3 (gf180mcu_fd_sc_mcu7t5v0__nor3_1)
                  0.29    0.26    8.22 v _266_/ZN (gf180mcu_fd_sc_mcu7t5v0__nor3_1)
     1    0.01                           _115_ (net)
                  0.29    0.00    8.22 v _268_/A2 (gf180mcu_fd_sc_mcu7t5v0__oai32_1)
                  1.16    0.85    9.07 ^ _268_/ZN (gf180mcu_fd_sc_mcu7t5v0__oai32_1)
     1    0.00                           _058_ (net)
                  1.16    0.00    9.07 ^ _532_/D (gf180mcu_fd_sc_mcu7t5v0__dffrnq_1)
                                  9.07   data arrival time

                  0.15   30.00   30.00   clock wb_clk_i (rise edge)
                          0.00   30.00   clock network delay (ideal)
                         -0.25   29.75   clock uncertainty
                          0.00   29.75   clock reconvergence pessimism
                                 29.75 ^ _532_/CLK (gf180mcu_fd_sc_mcu7t5v0__dffrnq_1)
                         -0.60   29.15   library setup time
                                 29.15   data required time
-----------------------------------------------------------------------------
                                 29.15   data required time
                                 -9.07   data arrival time
-----------------------------------------------------------------------------
                                 20.08   slack (MET)



===========================================================================
report_checks --slack_max -0.01
============================================================================
No paths found.
