OpenROAD 7f00621cb612fd94e15b35790afe744c89d433a7 
This program is licensed under the BSD-3 license. See the LICENSE file for details.
Components of this program may be licensed under more restrictive licenses which must be honored.
[INFO ODB-0222] Reading LEF file: /home/htf6ry/gf180-demo/openlane/cntr_example/runs/22_12_01_12_39/tmp/merged.nom.lef
[INFO ODB-0223]     Created 13 technology layers
[INFO ODB-0224]     Created 60 technology vias
[INFO ODB-0225]     Created 229 library cells
[INFO ODB-0226] Finished LEF file:  /home/htf6ry/gf180-demo/openlane/cntr_example/runs/22_12_01_12_39/tmp/merged.nom.lef
[INFO ODB-0127] Reading DEF file: /home/htf6ry/gf180-demo/openlane/cntr_example/runs/22_12_01_12_39/results/routing/cntr_example.def
[INFO ODB-0128] Design: cntr_example
[INFO ODB-0130]     Created 83 pins.
[INFO ODB-0131]     Created 4430 components and 10564 component-terminals.
[INFO ODB-0132]     Created 2 special nets and 8860 connections.
[INFO ODB-0133]     Created 407 nets and 1704 connections.
[INFO ODB-0134] Finished DEF file: /home/htf6ry/gf180-demo/openlane/cntr_example/runs/22_12_01_12_39/results/routing/cntr_example.def
Top-level design name: cntr_example
Found default power net 'vdd'
Found default ground net 'vss'
Found 1 power ports.
Found 1 ground ports.
Modified power connections of 4430/4430 cells.
