Netgen 1.5.242 compiled on Wed Nov 16 22:54:20 UTC 2022
Warning: netgen command 'format' use fully-qualified name '::netgen::format'
Warning: netgen command 'global' use fully-qualified name '::netgen::global'
Generating JSON file result
Reading netlist file /home/htf6ry/gf180-demo/openlane/cntr_example/runs/22_12_01_09_51/results/signoff/cntr_example.spice
Reading netlist file /home/htf6ry/gf180-demo/openlane/cntr_example/runs/22_12_01_09_51/tmp/signoff/24-cntr_example.pnl.v
Warning:  A case-insensitive file has been read and so the	verilog file must be treated case-insensitive to match.
Creating placeholder cell definition for module gf180mcu_fd_sc_mcu7t5v0__nand4_1.
Creating placeholder cell definition for module gf180mcu_fd_sc_mcu7t5v0__and2_1.
Creating placeholder cell definition for module gf180mcu_fd_sc_mcu7t5v0__nand4_4.
Creating placeholder cell definition for module gf180mcu_fd_sc_mcu7t5v0__clkinv_1.
Creating placeholder cell definition for module gf180mcu_fd_sc_mcu7t5v0__nand2_1.
Creating placeholder cell definition for module gf180mcu_fd_sc_mcu7t5v0__nand4_2.
Creating placeholder cell definition for module gf180mcu_fd_sc_mcu7t5v0__or4_2.
Creating placeholder cell definition for module gf180mcu_fd_sc_mcu7t5v0__nor3_2.
Creating placeholder cell definition for module gf180mcu_fd_sc_mcu7t5v0__and4_1.
Creating placeholder cell definition for module gf180mcu_fd_sc_mcu7t5v0__aoi21_1.
Creating placeholder cell definition for module gf180mcu_fd_sc_mcu7t5v0__and3_1.
Creating placeholder cell definition for module gf180mcu_fd_sc_mcu7t5v0__nor3_1.
Creating placeholder cell definition for module gf180mcu_fd_sc_mcu7t5v0__nor2_1.
Creating placeholder cell definition for module gf180mcu_fd_sc_mcu7t5v0__oai32_1.
Creating placeholder cell definition for module gf180mcu_fd_sc_mcu7t5v0__xor2_1.
Creating placeholder cell definition for module gf180mcu_fd_sc_mcu7t5v0__nand3_1.
Creating placeholder cell definition for module gf180mcu_fd_sc_mcu7t5v0__buf_2.
Creating placeholder cell definition for module gf180mcu_fd_sc_mcu7t5v0__inv_1.
Creating placeholder cell definition for module gf180mcu_fd_sc_mcu7t5v0__nor4_2.
Creating placeholder cell definition for module gf180mcu_fd_sc_mcu7t5v0__or2_1.
Creating placeholder cell definition for module gf180mcu_fd_sc_mcu7t5v0__aoi211_1.
Creating placeholder cell definition for module gf180mcu_fd_sc_mcu7t5v0__oai22_1.
Creating placeholder cell definition for module gf180mcu_fd_sc_mcu7t5v0__oai21_1.
Creating placeholder cell definition for module gf180mcu_fd_sc_mcu7t5v0__buf_1.
Creating placeholder cell definition for module gf180mcu_fd_sc_mcu7t5v0__and4_2.
Creating placeholder cell definition for module gf180mcu_fd_sc_mcu7t5v0__clkbuf_2.
Creating placeholder cell definition for module gf180mcu_fd_sc_mcu7t5v0__nand2_2.
Creating placeholder cell definition for module gf180mcu_fd_sc_mcu7t5v0__nor4_4.
Creating placeholder cell definition for module gf180mcu_fd_sc_mcu7t5v0__dffrnq_1.
Creating placeholder cell definition for module gf180mcu_fd_sc_mcu7t5v0__tiel.
Creating placeholder cell definition for module gf180mcu_fd_sc_mcu7t5v0__clkbuf_16.
Creating placeholder cell definition for module gf180mcu_fd_sc_mcu7t5v0__endcap.
Creating placeholder cell definition for module gf180mcu_fd_sc_mcu7t5v0__filltie.
Creating placeholder cell definition for module gf180mcu_fd_sc_mcu7t5v0__clkbuf_1.
Creating placeholder cell definition for module gf180mcu_fd_sc_mcu7t5v0__clkbuf_4.
Creating placeholder cell definition for module gf180mcu_fd_sc_mcu7t5v0__antenna.
Creating placeholder cell definition for module gf180mcu_fd_sc_mcu7t5v0__fillcap_8.
Creating placeholder cell definition for module gf180mcu_fd_sc_mcu7t5v0__fill_2.
Creating placeholder cell definition for module gf180mcu_fd_sc_mcu7t5v0__fill_1.
Creating placeholder cell definition for module gf180mcu_fd_sc_mcu7t5v0__fillcap_4.
Creating placeholder cell definition for module gf180mcu_fd_sc_mcu7t5v0__fillcap_16.
Creating placeholder cell definition for module gf180mcu_fd_sc_mcu7t5v0__fillcap_32.
Creating placeholder cell definition for module gf180mcu_fd_sc_mcu7t5v0__fillcap_64.
Reading setup file /home/htf6ry/GF180PDK//gf180mcuC/libs.tech/netgen/gf180mcuC_setup.tcl
Comparison output logged to file /home/htf6ry/gf180-demo/openlane/cntr_example/runs/22_12_01_09_51/logs/signoff/27-cntr_example.lef.lvs.log
Logging to file "/home/htf6ry/gf180-demo/openlane/cntr_example/runs/22_12_01_09_51/logs/signoff/27-cntr_example.lef.lvs.log" enabled

Contents of circuit 1:  Circuit: 'gf180mcu_fd_sc_mcu7t5v0__fillcap_64'
Circuit gf180mcu_fd_sc_mcu7t5v0__fillcap_64 contains 0 device instances.
Circuit contains 0 nets, and 2 disconnected pins.
Contents of circuit 2:  Circuit: 'gf180mcu_fd_sc_mcu7t5v0__fillcap_64'
Circuit gf180mcu_fd_sc_mcu7t5v0__fillcap_64 contains 0 device instances.
Circuit contains 0 nets.

Circuit gf180mcu_fd_sc_mcu7t5v0__fillcap_64 contains no devices.

Contents of circuit 1:  Circuit: 'gf180mcu_fd_sc_mcu7t5v0__fillcap_4'
Circuit gf180mcu_fd_sc_mcu7t5v0__fillcap_4 contains 0 device instances.
Circuit contains 0 nets, and 2 disconnected pins.
Contents of circuit 2:  Circuit: 'gf180mcu_fd_sc_mcu7t5v0__fillcap_4'
Circuit gf180mcu_fd_sc_mcu7t5v0__fillcap_4 contains 0 device instances.
Circuit contains 0 nets.

Circuit gf180mcu_fd_sc_mcu7t5v0__fillcap_4 contains no devices.

Contents of circuit 1:  Circuit: 'gf180mcu_fd_sc_mcu7t5v0__clkinv_1'
Circuit gf180mcu_fd_sc_mcu7t5v0__clkinv_1 contains 0 device instances.
Circuit contains 0 nets, and 4 disconnected pins.
Contents of circuit 2:  Circuit: 'gf180mcu_fd_sc_mcu7t5v0__clkinv_1'
Circuit gf180mcu_fd_sc_mcu7t5v0__clkinv_1 contains 0 device instances.
Circuit contains 0 nets.

Circuit gf180mcu_fd_sc_mcu7t5v0__clkinv_1 contains no devices.

Contents of circuit 1:  Circuit: 'gf180mcu_fd_sc_mcu7t5v0__antenna'
Circuit gf180mcu_fd_sc_mcu7t5v0__antenna contains 0 device instances.
Circuit contains 0 nets, and 3 disconnected pins.
Contents of circuit 2:  Circuit: 'gf180mcu_fd_sc_mcu7t5v0__antenna'
Circuit gf180mcu_fd_sc_mcu7t5v0__antenna contains 0 device instances.
Circuit contains 0 nets.

Circuit gf180mcu_fd_sc_mcu7t5v0__antenna contains no devices.

Contents of circuit 1:  Circuit: 'gf180mcu_fd_sc_mcu7t5v0__inv_1'
Circuit gf180mcu_fd_sc_mcu7t5v0__inv_1 contains 0 device instances.
Circuit contains 0 nets, and 4 disconnected pins.
Contents of circuit 2:  Circuit: 'gf180mcu_fd_sc_mcu7t5v0__inv_1'
Circuit gf180mcu_fd_sc_mcu7t5v0__inv_1 contains 0 device instances.
Circuit contains 0 nets.

Circuit gf180mcu_fd_sc_mcu7t5v0__inv_1 contains no devices.

Contents of circuit 1:  Circuit: 'gf180mcu_fd_sc_mcu7t5v0__fillcap_32'
Circuit gf180mcu_fd_sc_mcu7t5v0__fillcap_32 contains 0 device instances.
Circuit contains 0 nets, and 2 disconnected pins.
Contents of circuit 2:  Circuit: 'gf180mcu_fd_sc_mcu7t5v0__fillcap_32'
Circuit gf180mcu_fd_sc_mcu7t5v0__fillcap_32 contains 0 device instances.
Circuit contains 0 nets.

Circuit gf180mcu_fd_sc_mcu7t5v0__fillcap_32 contains no devices.

Contents of circuit 1:  Circuit: 'gf180mcu_fd_sc_mcu7t5v0__nor2_1'
Circuit gf180mcu_fd_sc_mcu7t5v0__nor2_1 contains 0 device instances.
Circuit contains 0 nets, and 5 disconnected pins.
Contents of circuit 2:  Circuit: 'gf180mcu_fd_sc_mcu7t5v0__nor2_1'
Circuit gf180mcu_fd_sc_mcu7t5v0__nor2_1 contains 0 device instances.
Circuit contains 0 nets.

Circuit gf180mcu_fd_sc_mcu7t5v0__nor2_1 contains no devices.

Contents of circuit 1:  Circuit: 'gf180mcu_fd_sc_mcu7t5v0__oai22_1'
Circuit gf180mcu_fd_sc_mcu7t5v0__oai22_1 contains 0 device instances.
Circuit contains 0 nets, and 7 disconnected pins.
Contents of circuit 2:  Circuit: 'gf180mcu_fd_sc_mcu7t5v0__oai22_1'
Circuit gf180mcu_fd_sc_mcu7t5v0__oai22_1 contains 0 device instances.
Circuit contains 0 nets.

Circuit gf180mcu_fd_sc_mcu7t5v0__oai22_1 contains no devices.

Contents of circuit 1:  Circuit: 'gf180mcu_fd_sc_mcu7t5v0__fillcap_8'
Circuit gf180mcu_fd_sc_mcu7t5v0__fillcap_8 contains 0 device instances.
Circuit contains 0 nets, and 2 disconnected pins.
Contents of circuit 2:  Circuit: 'gf180mcu_fd_sc_mcu7t5v0__fillcap_8'
Circuit gf180mcu_fd_sc_mcu7t5v0__fillcap_8 contains 0 device instances.
Circuit contains 0 nets.

Circuit gf180mcu_fd_sc_mcu7t5v0__fillcap_8 contains no devices.

Contents of circuit 1:  Circuit: 'gf180mcu_fd_sc_mcu7t5v0__fillcap_16'
Circuit gf180mcu_fd_sc_mcu7t5v0__fillcap_16 contains 0 device instances.
Circuit contains 0 nets, and 2 disconnected pins.
Contents of circuit 2:  Circuit: 'gf180mcu_fd_sc_mcu7t5v0__fillcap_16'
Circuit gf180mcu_fd_sc_mcu7t5v0__fillcap_16 contains 0 device instances.
Circuit contains 0 nets.

Circuit gf180mcu_fd_sc_mcu7t5v0__fillcap_16 contains no devices.

Contents of circuit 1:  Circuit: 'gf180mcu_fd_sc_mcu7t5v0__tiel'
Circuit gf180mcu_fd_sc_mcu7t5v0__tiel contains 0 device instances.
Circuit contains 0 nets, and 3 disconnected pins.
Contents of circuit 2:  Circuit: 'gf180mcu_fd_sc_mcu7t5v0__tiel'
Circuit gf180mcu_fd_sc_mcu7t5v0__tiel contains 0 device instances.
Circuit contains 0 nets.

Circuit gf180mcu_fd_sc_mcu7t5v0__tiel contains no devices.

Contents of circuit 1:  Circuit: 'gf180mcu_fd_sc_mcu7t5v0__clkbuf_4'
Circuit gf180mcu_fd_sc_mcu7t5v0__clkbuf_4 contains 0 device instances.
Circuit contains 0 nets, and 4 disconnected pins.
Contents of circuit 2:  Circuit: 'gf180mcu_fd_sc_mcu7t5v0__clkbuf_4'
Circuit gf180mcu_fd_sc_mcu7t5v0__clkbuf_4 contains 0 device instances.
Circuit contains 0 nets.

Circuit gf180mcu_fd_sc_mcu7t5v0__clkbuf_4 contains no devices.

Contents of circuit 1:  Circuit: 'gf180mcu_fd_sc_mcu7t5v0__aoi21_1'
Circuit gf180mcu_fd_sc_mcu7t5v0__aoi21_1 contains 0 device instances.
Circuit contains 0 nets, and 6 disconnected pins.
Contents of circuit 2:  Circuit: 'gf180mcu_fd_sc_mcu7t5v0__aoi21_1'
Circuit gf180mcu_fd_sc_mcu7t5v0__aoi21_1 contains 0 device instances.
Circuit contains 0 nets.

Circuit gf180mcu_fd_sc_mcu7t5v0__aoi21_1 contains no devices.

Contents of circuit 1:  Circuit: 'gf180mcu_fd_sc_mcu7t5v0__and4_1'
Circuit gf180mcu_fd_sc_mcu7t5v0__and4_1 contains 0 device instances.
Circuit contains 0 nets, and 7 disconnected pins.
Contents of circuit 2:  Circuit: 'gf180mcu_fd_sc_mcu7t5v0__and4_1'
Circuit gf180mcu_fd_sc_mcu7t5v0__and4_1 contains 0 device instances.
Circuit contains 0 nets.

Circuit gf180mcu_fd_sc_mcu7t5v0__and4_1 contains no devices.

Contents of circuit 1:  Circuit: 'gf180mcu_fd_sc_mcu7t5v0__xor2_1'
Circuit gf180mcu_fd_sc_mcu7t5v0__xor2_1 contains 0 device instances.
Circuit contains 0 nets, and 5 disconnected pins.
Contents of circuit 2:  Circuit: 'gf180mcu_fd_sc_mcu7t5v0__xor2_1'
Circuit gf180mcu_fd_sc_mcu7t5v0__xor2_1 contains 0 device instances.
Circuit contains 0 nets.

Circuit gf180mcu_fd_sc_mcu7t5v0__xor2_1 contains no devices.

Contents of circuit 1:  Circuit: 'gf180mcu_fd_sc_mcu7t5v0__nand4_2'
Circuit gf180mcu_fd_sc_mcu7t5v0__nand4_2 contains 0 device instances.
Circuit contains 0 nets, and 7 disconnected pins.
Contents of circuit 2:  Circuit: 'gf180mcu_fd_sc_mcu7t5v0__nand4_2'
Circuit gf180mcu_fd_sc_mcu7t5v0__nand4_2 contains 0 device instances.
Circuit contains 0 nets.

Circuit gf180mcu_fd_sc_mcu7t5v0__nand4_2 contains no devices.

Contents of circuit 1:  Circuit: 'gf180mcu_fd_sc_mcu7t5v0__oai21_1'
Circuit gf180mcu_fd_sc_mcu7t5v0__oai21_1 contains 0 device instances.
Circuit contains 0 nets, and 6 disconnected pins.
Contents of circuit 2:  Circuit: 'gf180mcu_fd_sc_mcu7t5v0__oai21_1'
Circuit gf180mcu_fd_sc_mcu7t5v0__oai21_1 contains 0 device instances.
Circuit contains 0 nets.

Circuit gf180mcu_fd_sc_mcu7t5v0__oai21_1 contains no devices.

Contents of circuit 1:  Circuit: 'gf180mcu_fd_sc_mcu7t5v0__nand3_1'
Circuit gf180mcu_fd_sc_mcu7t5v0__nand3_1 contains 0 device instances.
Circuit contains 0 nets, and 6 disconnected pins.
Contents of circuit 2:  Circuit: 'gf180mcu_fd_sc_mcu7t5v0__nand3_1'
Circuit gf180mcu_fd_sc_mcu7t5v0__nand3_1 contains 0 device instances.
Circuit contains 0 nets.

Circuit gf180mcu_fd_sc_mcu7t5v0__nand3_1 contains no devices.

Contents of circuit 1:  Circuit: 'gf180mcu_fd_sc_mcu7t5v0__aoi211_1'
Circuit gf180mcu_fd_sc_mcu7t5v0__aoi211_1 contains 0 device instances.
Circuit contains 0 nets, and 7 disconnected pins.
Contents of circuit 2:  Circuit: 'gf180mcu_fd_sc_mcu7t5v0__aoi211_1'
Circuit gf180mcu_fd_sc_mcu7t5v0__aoi211_1 contains 0 device instances.
Circuit contains 0 nets.

Circuit gf180mcu_fd_sc_mcu7t5v0__aoi211_1 contains no devices.

Contents of circuit 1:  Circuit: 'gf180mcu_fd_sc_mcu7t5v0__nand2_1'
Circuit gf180mcu_fd_sc_mcu7t5v0__nand2_1 contains 0 device instances.
Circuit contains 0 nets, and 5 disconnected pins.
Contents of circuit 2:  Circuit: 'gf180mcu_fd_sc_mcu7t5v0__nand2_1'
Circuit gf180mcu_fd_sc_mcu7t5v0__nand2_1 contains 0 device instances.
Circuit contains 0 nets.

Circuit gf180mcu_fd_sc_mcu7t5v0__nand2_1 contains no devices.

Contents of circuit 1:  Circuit: 'gf180mcu_fd_sc_mcu7t5v0__or2_1'
Circuit gf180mcu_fd_sc_mcu7t5v0__or2_1 contains 0 device instances.
Circuit contains 0 nets, and 5 disconnected pins.
Contents of circuit 2:  Circuit: 'gf180mcu_fd_sc_mcu7t5v0__or2_1'
Circuit gf180mcu_fd_sc_mcu7t5v0__or2_1 contains 0 device instances.
Circuit contains 0 nets.

Circuit gf180mcu_fd_sc_mcu7t5v0__or2_1 contains no devices.

Contents of circuit 1:  Circuit: 'gf180mcu_fd_sc_mcu7t5v0__oai32_1'
Circuit gf180mcu_fd_sc_mcu7t5v0__oai32_1 contains 0 device instances.
Circuit contains 0 nets, and 8 disconnected pins.
Contents of circuit 2:  Circuit: 'gf180mcu_fd_sc_mcu7t5v0__oai32_1'
Circuit gf180mcu_fd_sc_mcu7t5v0__oai32_1 contains 0 device instances.
Circuit contains 0 nets.

Circuit gf180mcu_fd_sc_mcu7t5v0__oai32_1 contains no devices.

Contents of circuit 1:  Circuit: 'gf180mcu_fd_sc_mcu7t5v0__and3_1'
Circuit gf180mcu_fd_sc_mcu7t5v0__and3_1 contains 0 device instances.
Circuit contains 0 nets, and 6 disconnected pins.
Contents of circuit 2:  Circuit: 'gf180mcu_fd_sc_mcu7t5v0__and3_1'
Circuit gf180mcu_fd_sc_mcu7t5v0__and3_1 contains 0 device instances.
Circuit contains 0 nets.

Circuit gf180mcu_fd_sc_mcu7t5v0__and3_1 contains no devices.

Contents of circuit 1:  Circuit: 'gf180mcu_fd_sc_mcu7t5v0__buf_2'
Circuit gf180mcu_fd_sc_mcu7t5v0__buf_2 contains 0 device instances.
Circuit contains 0 nets, and 4 disconnected pins.
Contents of circuit 2:  Circuit: 'gf180mcu_fd_sc_mcu7t5v0__buf_2'
Circuit gf180mcu_fd_sc_mcu7t5v0__buf_2 contains 0 device instances.
Circuit contains 0 nets.

Circuit gf180mcu_fd_sc_mcu7t5v0__buf_2 contains no devices.

Contents of circuit 1:  Circuit: 'gf180mcu_fd_sc_mcu7t5v0__nand4_4'
Circuit gf180mcu_fd_sc_mcu7t5v0__nand4_4 contains 0 device instances.
Circuit contains 0 nets, and 7 disconnected pins.
Contents of circuit 2:  Circuit: 'gf180mcu_fd_sc_mcu7t5v0__nand4_4'
Circuit gf180mcu_fd_sc_mcu7t5v0__nand4_4 contains 0 device instances.
Circuit contains 0 nets.

Circuit gf180mcu_fd_sc_mcu7t5v0__nand4_4 contains no devices.

Contents of circuit 1:  Circuit: 'gf180mcu_fd_sc_mcu7t5v0__nand2_2'
Circuit gf180mcu_fd_sc_mcu7t5v0__nand2_2 contains 0 device instances.
Circuit contains 0 nets, and 5 disconnected pins.
Contents of circuit 2:  Circuit: 'gf180mcu_fd_sc_mcu7t5v0__nand2_2'
Circuit gf180mcu_fd_sc_mcu7t5v0__nand2_2 contains 0 device instances.
Circuit contains 0 nets.

Circuit gf180mcu_fd_sc_mcu7t5v0__nand2_2 contains no devices.

Contents of circuit 1:  Circuit: 'gf180mcu_fd_sc_mcu7t5v0__and2_1'
Circuit gf180mcu_fd_sc_mcu7t5v0__and2_1 contains 0 device instances.
Circuit contains 0 nets, and 5 disconnected pins.
Contents of circuit 2:  Circuit: 'gf180mcu_fd_sc_mcu7t5v0__and2_1'
Circuit gf180mcu_fd_sc_mcu7t5v0__and2_1 contains 0 device instances.
Circuit contains 0 nets.

Circuit gf180mcu_fd_sc_mcu7t5v0__and2_1 contains no devices.

Contents of circuit 1:  Circuit: 'gf180mcu_fd_sc_mcu7t5v0__dffrnq_1'
Circuit gf180mcu_fd_sc_mcu7t5v0__dffrnq_1 contains 0 device instances.
Circuit contains 0 nets, and 6 disconnected pins.
Contents of circuit 2:  Circuit: 'gf180mcu_fd_sc_mcu7t5v0__dffrnq_1'
Circuit gf180mcu_fd_sc_mcu7t5v0__dffrnq_1 contains 0 device instances.
Circuit contains 0 nets.

Circuit gf180mcu_fd_sc_mcu7t5v0__dffrnq_1 contains no devices.

Contents of circuit 1:  Circuit: 'gf180mcu_fd_sc_mcu7t5v0__nand4_1'
Circuit gf180mcu_fd_sc_mcu7t5v0__nand4_1 contains 0 device instances.
Circuit contains 0 nets, and 7 disconnected pins.
Contents of circuit 2:  Circuit: 'gf180mcu_fd_sc_mcu7t5v0__nand4_1'
Circuit gf180mcu_fd_sc_mcu7t5v0__nand4_1 contains 0 device instances.
Circuit contains 0 nets.

Circuit gf180mcu_fd_sc_mcu7t5v0__nand4_1 contains no devices.

Contents of circuit 1:  Circuit: 'gf180mcu_fd_sc_mcu7t5v0__clkbuf_2'
Circuit gf180mcu_fd_sc_mcu7t5v0__clkbuf_2 contains 0 device instances.
Circuit contains 0 nets, and 4 disconnected pins.
Contents of circuit 2:  Circuit: 'gf180mcu_fd_sc_mcu7t5v0__clkbuf_2'
Circuit gf180mcu_fd_sc_mcu7t5v0__clkbuf_2 contains 0 device instances.
Circuit contains 0 nets.

Circuit gf180mcu_fd_sc_mcu7t5v0__clkbuf_2 contains no devices.

Contents of circuit 1:  Circuit: 'gf180mcu_fd_sc_mcu7t5v0__and4_2'
Circuit gf180mcu_fd_sc_mcu7t5v0__and4_2 contains 0 device instances.
Circuit contains 0 nets, and 7 disconnected pins.
Contents of circuit 2:  Circuit: 'gf180mcu_fd_sc_mcu7t5v0__and4_2'
Circuit gf180mcu_fd_sc_mcu7t5v0__and4_2 contains 0 device instances.
Circuit contains 0 nets.

Circuit gf180mcu_fd_sc_mcu7t5v0__and4_2 contains no devices.

Contents of circuit 1:  Circuit: 'gf180mcu_fd_sc_mcu7t5v0__clkbuf_1'
Circuit gf180mcu_fd_sc_mcu7t5v0__clkbuf_1 contains 0 device instances.
Circuit contains 0 nets, and 4 disconnected pins.
Contents of circuit 2:  Circuit: 'gf180mcu_fd_sc_mcu7t5v0__clkbuf_1'
Circuit gf180mcu_fd_sc_mcu7t5v0__clkbuf_1 contains 0 device instances.
Circuit contains 0 nets.

Circuit gf180mcu_fd_sc_mcu7t5v0__clkbuf_1 contains no devices.

Contents of circuit 1:  Circuit: 'gf180mcu_fd_sc_mcu7t5v0__buf_1'
Circuit gf180mcu_fd_sc_mcu7t5v0__buf_1 contains 0 device instances.
Circuit contains 0 nets, and 4 disconnected pins.
Contents of circuit 2:  Circuit: 'gf180mcu_fd_sc_mcu7t5v0__buf_1'
Circuit gf180mcu_fd_sc_mcu7t5v0__buf_1 contains 0 device instances.
Circuit contains 0 nets.

Circuit gf180mcu_fd_sc_mcu7t5v0__buf_1 contains no devices.

Contents of circuit 1:  Circuit: 'gf180mcu_fd_sc_mcu7t5v0__clkbuf_16'
Circuit gf180mcu_fd_sc_mcu7t5v0__clkbuf_16 contains 0 device instances.
Circuit contains 0 nets, and 4 disconnected pins.
Contents of circuit 2:  Circuit: 'gf180mcu_fd_sc_mcu7t5v0__clkbuf_16'
Circuit gf180mcu_fd_sc_mcu7t5v0__clkbuf_16 contains 0 device instances.
Circuit contains 0 nets.

Circuit gf180mcu_fd_sc_mcu7t5v0__clkbuf_16 contains no devices.

Contents of circuit 1:  Circuit: 'gf180mcu_fd_sc_mcu7t5v0__nor3_1'
Circuit gf180mcu_fd_sc_mcu7t5v0__nor3_1 contains 0 device instances.
Circuit contains 0 nets, and 6 disconnected pins.
Contents of circuit 2:  Circuit: 'gf180mcu_fd_sc_mcu7t5v0__nor3_1'
Circuit gf180mcu_fd_sc_mcu7t5v0__nor3_1 contains 0 device instances.
Circuit contains 0 nets.

Circuit gf180mcu_fd_sc_mcu7t5v0__nor3_1 contains no devices.

Contents of circuit 1:  Circuit: 'gf180mcu_fd_sc_mcu7t5v0__nor4_2'
Circuit gf180mcu_fd_sc_mcu7t5v0__nor4_2 contains 0 device instances.
Circuit contains 0 nets, and 7 disconnected pins.
Contents of circuit 2:  Circuit: 'gf180mcu_fd_sc_mcu7t5v0__nor4_2'
Circuit gf180mcu_fd_sc_mcu7t5v0__nor4_2 contains 0 device instances.
Circuit contains 0 nets.

Circuit gf180mcu_fd_sc_mcu7t5v0__nor4_2 contains no devices.

Contents of circuit 1:  Circuit: 'gf180mcu_fd_sc_mcu7t5v0__nor3_2'
Circuit gf180mcu_fd_sc_mcu7t5v0__nor3_2 contains 0 device instances.
Circuit contains 0 nets, and 6 disconnected pins.
Contents of circuit 2:  Circuit: 'gf180mcu_fd_sc_mcu7t5v0__nor3_2'
Circuit gf180mcu_fd_sc_mcu7t5v0__nor3_2 contains 0 device instances.
Circuit contains 0 nets.

Circuit gf180mcu_fd_sc_mcu7t5v0__nor3_2 contains no devices.

Contents of circuit 1:  Circuit: 'gf180mcu_fd_sc_mcu7t5v0__or4_2'
Circuit gf180mcu_fd_sc_mcu7t5v0__or4_2 contains 0 device instances.
Circuit contains 0 nets, and 7 disconnected pins.
Contents of circuit 2:  Circuit: 'gf180mcu_fd_sc_mcu7t5v0__or4_2'
Circuit gf180mcu_fd_sc_mcu7t5v0__or4_2 contains 0 device instances.
Circuit contains 0 nets.

Circuit gf180mcu_fd_sc_mcu7t5v0__or4_2 contains no devices.

Contents of circuit 1:  Circuit: 'gf180mcu_fd_sc_mcu7t5v0__nor4_4'
Circuit gf180mcu_fd_sc_mcu7t5v0__nor4_4 contains 0 device instances.
Circuit contains 0 nets, and 7 disconnected pins.
Contents of circuit 2:  Circuit: 'gf180mcu_fd_sc_mcu7t5v0__nor4_4'
Circuit gf180mcu_fd_sc_mcu7t5v0__nor4_4 contains 0 device instances.
Circuit contains 0 nets.

Circuit gf180mcu_fd_sc_mcu7t5v0__nor4_4 contains no devices.

Contents of circuit 1:  Circuit: 'cntr_example'
Circuit cntr_example contains 2294 device instances.
  Class: gf180mcu_fd_sc_mcu7t5v0__nand3_1 instances:   8
  Class: gf180mcu_fd_sc_mcu7t5v0__and3_1 instances:   2
  Class: gf180mcu_fd_sc_mcu7t5v0__dffrnq_1 instances:  32
  Class: gf180mcu_fd_sc_mcu7t5v0__nand2_1 instances:  19
  Class: gf180mcu_fd_sc_mcu7t5v0__nand2_2 instances:   1
  Class: gf180mcu_fd_sc_mcu7t5v0__oai32_1 instances:  30
  Class: gf180mcu_fd_sc_mcu7t5v0__clkbuf_1 instances:  35
  Class: gf180mcu_fd_sc_mcu7t5v0__clkbuf_2 instances:   1
  Class: gf180mcu_fd_sc_mcu7t5v0__clkbuf_4 instances:  32
  Class: gf180mcu_fd_sc_mcu7t5v0__and2_1 instances:   3
  Class: gf180mcu_fd_sc_mcu7t5v0__nor4_2 instances:   2
  Class: gf180mcu_fd_sc_mcu7t5v0__nor4_4 instances:   1
  Class: gf180mcu_fd_sc_mcu7t5v0__or4_2 instances:   1
  Class: gf180mcu_fd_sc_mcu7t5v0__clkinv_1 instances:  60
  Class: gf180mcu_fd_sc_mcu7t5v0__oai22_1 instances:   2
  Class: gf180mcu_fd_sc_mcu7t5v0__buf_1 instances:   2
  Class: gf180mcu_fd_sc_mcu7t5v0__buf_2 instances:  15
  Class: gf180mcu_fd_sc_mcu7t5v0__clkbuf_16 instances:   5
  Class: gf180mcu_fd_sc_mcu7t5v0__aoi21_1 instances:  19
  Class: gf180mcu_fd_sc_mcu7t5v0__aoi211_1 instances:   1
  Class: gf180mcu_fd_sc_mcu7t5v0__tiel instances:   6
  Class: gf180mcu_fd_sc_mcu7t5v0__inv_1 instances:   7
  Class: gf180mcu_fd_sc_mcu7t5v0__nor3_1 instances:   1
  Class: gf180mcu_fd_sc_mcu7t5v0__nor3_2 instances:   1
  Class: gf180mcu_fd_sc_mcu7t5v0__oai21_1 instances:   2
  Class: gf180mcu_fd_sc_mcu7t5v0__fillcap_4 instances: 540
  Class: gf180mcu_fd_sc_mcu7t5v0__fillcap_8 instances: 265
  Class: gf180mcu_fd_sc_mcu7t5v0__fillcap_64 instances: 223
  Class: gf180mcu_fd_sc_mcu7t5v0__fillcap_16 instances: 168
  Class: gf180mcu_fd_sc_mcu7t5v0__nor2_1 instances:  47
  Class: gf180mcu_fd_sc_mcu7t5v0__antenna instances: 584
  Class: gf180mcu_fd_sc_mcu7t5v0__nand4_1 instances:   2
  Class: gf180mcu_fd_sc_mcu7t5v0__nand4_2 instances:   3
  Class: gf180mcu_fd_sc_mcu7t5v0__nand4_4 instances:   1
  Class: gf180mcu_fd_sc_mcu7t5v0__or2_1 instances:   2
  Class: gf180mcu_fd_sc_mcu7t5v0__fillcap_32 instances: 150
  Class: gf180mcu_fd_sc_mcu7t5v0__xor2_1 instances:  13
  Class: gf180mcu_fd_sc_mcu7t5v0__and4_1 instances:   7
  Class: gf180mcu_fd_sc_mcu7t5v0__and4_2 instances:   1
Circuit contains 403 nets, and 6 disconnected pins.
Contents of circuit 2:  Circuit: 'cntr_example'
Circuit cntr_example contains 2294 device instances.
  Class: gf180mcu_fd_sc_mcu7t5v0__nand3_1 instances:   8
  Class: gf180mcu_fd_sc_mcu7t5v0__and3_1 instances:   2
  Class: gf180mcu_fd_sc_mcu7t5v0__dffrnq_1 instances:  32
  Class: gf180mcu_fd_sc_mcu7t5v0__nand2_1 instances:  19
  Class: gf180mcu_fd_sc_mcu7t5v0__nand2_2 instances:   1
  Class: gf180mcu_fd_sc_mcu7t5v0__oai32_1 instances:  30
  Class: gf180mcu_fd_sc_mcu7t5v0__clkbuf_1 instances:  35
  Class: gf180mcu_fd_sc_mcu7t5v0__clkbuf_2 instances:   1
  Class: gf180mcu_fd_sc_mcu7t5v0__clkbuf_4 instances:  32
  Class: gf180mcu_fd_sc_mcu7t5v0__and2_1 instances:   3
  Class: gf180mcu_fd_sc_mcu7t5v0__nor4_2 instances:   2
  Class: gf180mcu_fd_sc_mcu7t5v0__nor4_4 instances:   1
  Class: gf180mcu_fd_sc_mcu7t5v0__or4_2 instances:   1
  Class: gf180mcu_fd_sc_mcu7t5v0__clkinv_1 instances:  60
  Class: gf180mcu_fd_sc_mcu7t5v0__oai22_1 instances:   2
  Class: gf180mcu_fd_sc_mcu7t5v0__buf_1 instances:   2
  Class: gf180mcu_fd_sc_mcu7t5v0__buf_2 instances:  15
  Class: gf180mcu_fd_sc_mcu7t5v0__clkbuf_16 instances:   5
  Class: gf180mcu_fd_sc_mcu7t5v0__aoi21_1 instances:  19
  Class: gf180mcu_fd_sc_mcu7t5v0__aoi211_1 instances:   1
  Class: gf180mcu_fd_sc_mcu7t5v0__tiel instances:   6
  Class: gf180mcu_fd_sc_mcu7t5v0__inv_1 instances:   7
  Class: gf180mcu_fd_sc_mcu7t5v0__nor3_1 instances:   1
  Class: gf180mcu_fd_sc_mcu7t5v0__nor3_2 instances:   1
  Class: gf180mcu_fd_sc_mcu7t5v0__oai21_1 instances:   2
  Class: gf180mcu_fd_sc_mcu7t5v0__fillcap_4 instances: 540
  Class: gf180mcu_fd_sc_mcu7t5v0__fillcap_8 instances: 265
  Class: gf180mcu_fd_sc_mcu7t5v0__fillcap_64 instances: 223
  Class: gf180mcu_fd_sc_mcu7t5v0__fillcap_16 instances: 168
  Class: gf180mcu_fd_sc_mcu7t5v0__nor2_1 instances:  47
  Class: gf180mcu_fd_sc_mcu7t5v0__antenna instances: 584
  Class: gf180mcu_fd_sc_mcu7t5v0__nand4_1 instances:   2
  Class: gf180mcu_fd_sc_mcu7t5v0__nand4_2 instances:   3
  Class: gf180mcu_fd_sc_mcu7t5v0__nand4_4 instances:   1
  Class: gf180mcu_fd_sc_mcu7t5v0__or2_1 instances:   2
  Class: gf180mcu_fd_sc_mcu7t5v0__fillcap_32 instances: 150
  Class: gf180mcu_fd_sc_mcu7t5v0__xor2_1 instances:  13
  Class: gf180mcu_fd_sc_mcu7t5v0__and4_1 instances:   7
  Class: gf180mcu_fd_sc_mcu7t5v0__and4_2 instances:   1
Circuit contains 403 nets, and 6 disconnected pins.

Circuit was modified by parallel/series device merging.
New circuit summary:

Contents of circuit 1:  Circuit: 'cntr_example'
Circuit cntr_example contains 600 device instances.
  Class: gf180mcu_fd_sc_mcu7t5v0__nand3_1 instances:   8
  Class: gf180mcu_fd_sc_mcu7t5v0__and3_1 instances:   2
  Class: gf180mcu_fd_sc_mcu7t5v0__dffrnq_1 instances:  32
  Class: gf180mcu_fd_sc_mcu7t5v0__nand2_1 instances:  19
  Class: gf180mcu_fd_sc_mcu7t5v0__nand2_2 instances:   1
  Class: gf180mcu_fd_sc_mcu7t5v0__oai32_1 instances:  30
  Class: gf180mcu_fd_sc_mcu7t5v0__clkbuf_1 instances:  35
  Class: gf180mcu_fd_sc_mcu7t5v0__clkbuf_2 instances:   1
  Class: gf180mcu_fd_sc_mcu7t5v0__clkbuf_4 instances:  32
  Class: gf180mcu_fd_sc_mcu7t5v0__and2_1 instances:   3
  Class: gf180mcu_fd_sc_mcu7t5v0__nor4_2 instances:   2
  Class: gf180mcu_fd_sc_mcu7t5v0__nor4_4 instances:   1
  Class: gf180mcu_fd_sc_mcu7t5v0__or4_2 instances:   1
  Class: gf180mcu_fd_sc_mcu7t5v0__clkinv_1 instances:  60
  Class: gf180mcu_fd_sc_mcu7t5v0__oai22_1 instances:   2
  Class: gf180mcu_fd_sc_mcu7t5v0__buf_1 instances:   2
  Class: gf180mcu_fd_sc_mcu7t5v0__buf_2 instances:  15
  Class: gf180mcu_fd_sc_mcu7t5v0__clkbuf_16 instances:   5
  Class: gf180mcu_fd_sc_mcu7t5v0__aoi21_1 instances:  19
  Class: gf180mcu_fd_sc_mcu7t5v0__aoi211_1 instances:   1
  Class: gf180mcu_fd_sc_mcu7t5v0__tiel instances:   6
  Class: gf180mcu_fd_sc_mcu7t5v0__inv_1 instances:   7
  Class: gf180mcu_fd_sc_mcu7t5v0__nor3_1 instances:   1
  Class: gf180mcu_fd_sc_mcu7t5v0__nor3_2 instances:   1
  Class: gf180mcu_fd_sc_mcu7t5v0__oai21_1 instances:   2
  Class: gf180mcu_fd_sc_mcu7t5v0__fillcap_4 instances:   1
  Class: gf180mcu_fd_sc_mcu7t5v0__fillcap_8 instances:   1
  Class: gf180mcu_fd_sc_mcu7t5v0__fillcap_64 instances:   1
  Class: gf180mcu_fd_sc_mcu7t5v0__fillcap_16 instances:   1
  Class: gf180mcu_fd_sc_mcu7t5v0__nor2_1 instances:  47
  Class: gf180mcu_fd_sc_mcu7t5v0__antenna instances: 231
  Class: gf180mcu_fd_sc_mcu7t5v0__nand4_1 instances:   2
  Class: gf180mcu_fd_sc_mcu7t5v0__nand4_2 instances:   3
  Class: gf180mcu_fd_sc_mcu7t5v0__nand4_4 instances:   1
  Class: gf180mcu_fd_sc_mcu7t5v0__or2_1 instances:   2
  Class: gf180mcu_fd_sc_mcu7t5v0__fillcap_32 instances:   1
  Class: gf180mcu_fd_sc_mcu7t5v0__xor2_1 instances:  13
  Class: gf180mcu_fd_sc_mcu7t5v0__and4_1 instances:   7
  Class: gf180mcu_fd_sc_mcu7t5v0__and4_2 instances:   1
Circuit contains 403 nets, and 6 disconnected pins.
Contents of circuit 2:  Circuit: 'cntr_example'
Circuit cntr_example contains 600 device instances.
  Class: gf180mcu_fd_sc_mcu7t5v0__nand3_1 instances:   8
  Class: gf180mcu_fd_sc_mcu7t5v0__and3_1 instances:   2
  Class: gf180mcu_fd_sc_mcu7t5v0__dffrnq_1 instances:  32
  Class: gf180mcu_fd_sc_mcu7t5v0__nand2_1 instances:  19
  Class: gf180mcu_fd_sc_mcu7t5v0__nand2_2 instances:   1
  Class: gf180mcu_fd_sc_mcu7t5v0__oai32_1 instances:  30
  Class: gf180mcu_fd_sc_mcu7t5v0__clkbuf_1 instances:  35
  Class: gf180mcu_fd_sc_mcu7t5v0__clkbuf_2 instances:   1
  Class: gf180mcu_fd_sc_mcu7t5v0__clkbuf_4 instances:  32
  Class: gf180mcu_fd_sc_mcu7t5v0__and2_1 instances:   3
  Class: gf180mcu_fd_sc_mcu7t5v0__nor4_2 instances:   2
  Class: gf180mcu_fd_sc_mcu7t5v0__nor4_4 instances:   1
  Class: gf180mcu_fd_sc_mcu7t5v0__or4_2 instances:   1
  Class: gf180mcu_fd_sc_mcu7t5v0__clkinv_1 instances:  60
  Class: gf180mcu_fd_sc_mcu7t5v0__oai22_1 instances:   2
  Class: gf180mcu_fd_sc_mcu7t5v0__buf_1 instances:   2
  Class: gf180mcu_fd_sc_mcu7t5v0__buf_2 instances:  15
  Class: gf180mcu_fd_sc_mcu7t5v0__clkbuf_16 instances:   5
  Class: gf180mcu_fd_sc_mcu7t5v0__aoi21_1 instances:  19
  Class: gf180mcu_fd_sc_mcu7t5v0__aoi211_1 instances:   1
  Class: gf180mcu_fd_sc_mcu7t5v0__tiel instances:   6
  Class: gf180mcu_fd_sc_mcu7t5v0__inv_1 instances:   7
  Class: gf180mcu_fd_sc_mcu7t5v0__nor3_1 instances:   1
  Class: gf180mcu_fd_sc_mcu7t5v0__nor3_2 instances:   1
  Class: gf180mcu_fd_sc_mcu7t5v0__oai21_1 instances:   2
  Class: gf180mcu_fd_sc_mcu7t5v0__fillcap_4 instances:   1
  Class: gf180mcu_fd_sc_mcu7t5v0__fillcap_8 instances:   1
  Class: gf180mcu_fd_sc_mcu7t5v0__fillcap_64 instances:   1
  Class: gf180mcu_fd_sc_mcu7t5v0__fillcap_16 instances:   1
  Class: gf180mcu_fd_sc_mcu7t5v0__nor2_1 instances:  47
  Class: gf180mcu_fd_sc_mcu7t5v0__antenna instances: 231
  Class: gf180mcu_fd_sc_mcu7t5v0__nand4_1 instances:   2
  Class: gf180mcu_fd_sc_mcu7t5v0__nand4_2 instances:   3
  Class: gf180mcu_fd_sc_mcu7t5v0__nand4_4 instances:   1
  Class: gf180mcu_fd_sc_mcu7t5v0__or2_1 instances:   2
  Class: gf180mcu_fd_sc_mcu7t5v0__fillcap_32 instances:   1
  Class: gf180mcu_fd_sc_mcu7t5v0__xor2_1 instances:  13
  Class: gf180mcu_fd_sc_mcu7t5v0__and4_1 instances:   7
  Class: gf180mcu_fd_sc_mcu7t5v0__and4_2 instances:   1
Circuit contains 403 nets, and 6 disconnected pins.

Circuit 1 contains 600 devices, Circuit 2 contains 600 devices.
Circuit 1 contains 403 nets,    Circuit 2 contains 403 nets.


Final result: 
Circuits match uniquely.
.
Logging to file "/home/htf6ry/gf180-demo/openlane/cntr_example/runs/22_12_01_09_51/logs/signoff/27-cntr_example.lef.lvs.log" disabled
LVS Done.
