OpenROAD 7f00621cb612fd94e15b35790afe744c89d433a7 
This program is licensed under the BSD-3 license. See the LICENSE file for details.
Components of this program may be licensed under more restrictive licenses which must be honored.
Placement Analysis
---------------------------------
total displacement          0.0 u
average displacement        0.0 u
max displacement            0.0 u
original HPWL           30700.8 u
legalized HPWL          31186.5 u
delta HPWL                    2 %

[INFO DPL-0020] Mirrored 195 instances
[INFO DPL-0021] HPWL before           31186.5 u
[INFO DPL-0022] HPWL after            30700.8 u
[INFO DPL-0023] HPWL delta               -1.6 %
Setting global connections for newly added cells...
Writing OpenROAD database to /home/htf6ry/gf180-demo/openlane/cntr_example/runs/22_12_01_09_51/results/placement/cntr_example.odb...
Writing netlist to /home/htf6ry/gf180-demo/openlane/cntr_example/runs/22_12_01_09_51/results/placement/cntr_example.nl.v...
Writing powered netlist to /home/htf6ry/gf180-demo/openlane/cntr_example/runs/22_12_01_09_51/results/placement/cntr_example.pnl.v...
Writing layout to /home/htf6ry/gf180-demo/openlane/cntr_example/runs/22_12_01_09_51/results/placement/cntr_example.def...
