
===========================================================================
report_checks -unconstrained
============================================================================
Startpoint: wb_rst_i (input port clocked by wb_clk_i)
Endpoint: _506_ (recovery check against rising-edge clock wb_clk_i)
Path Group: **async_default**
Path Type: max

Fanout     Cap    Slew   Delay    Time   Description
-----------------------------------------------------------------------------
                  0.15    0.00    0.00   clock wb_clk_i (rise edge)
                          0.00    0.00   clock network delay (ideal)
                          6.00    6.00 v input external delay
                  0.07    0.02    6.02 v wb_rst_i (in)
     1    0.00                           wb_rst_i (net)
                  0.07    0.00    6.02 v _427_/I (gf180mcu_fd_sc_mcu7t5v0__buf_1)
                  0.31    0.47    6.50 v _427_/Z (gf180mcu_fd_sc_mcu7t5v0__buf_1)
     5    0.02                           _249_ (net)
                  0.31    0.00    6.50 v _428_/I (gf180mcu_fd_sc_mcu7t5v0__buf_1)
                  0.64    0.79    7.28 v _428_/Z (gf180mcu_fd_sc_mcu7t5v0__buf_1)
    10    0.05                           _250_ (net)
                  0.64    0.00    7.28 v _429_/I (gf180mcu_fd_sc_mcu7t5v0__inv_1)
                  0.32    0.35    7.63 ^ _429_/ZN (gf180mcu_fd_sc_mcu7t5v0__inv_1)
     1    0.01                           _000_ (net)
                  0.32    0.00    7.63 ^ _506_/RN (gf180mcu_fd_sc_mcu7t5v0__dffrnq_1)
                                  7.63   data arrival time

                  0.15   30.00   30.00   clock wb_clk_i (rise edge)
                          0.00   30.00   clock network delay (ideal)
                         -0.25   29.75   clock uncertainty
                          0.00   29.75   clock reconvergence pessimism
                                 29.75 ^ _506_/CLK (gf180mcu_fd_sc_mcu7t5v0__dffrnq_1)
                          0.35   30.10   library recovery time
                                 30.10   data required time
-----------------------------------------------------------------------------
                                 30.10   data required time
                                 -7.63   data arrival time
-----------------------------------------------------------------------------
                                 22.47   slack (MET)


Startpoint: _534_ (rising edge-triggered flip-flop clocked by wb_clk_i)
Endpoint: _532_ (rising edge-triggered flip-flop clocked by wb_clk_i)
Path Group: wb_clk_i
Path Type: max

Fanout     Cap    Slew   Delay    Time   Description
-----------------------------------------------------------------------------
                  0.15    0.00    0.00   clock wb_clk_i (rise edge)
                          0.00    0.00   clock network delay (ideal)
                  0.15    0.00    0.00 ^ _534_/CLK (gf180mcu_fd_sc_mcu7t5v0__dffrnq_1)
                  2.19    2.56    2.56 ^ _534_/Q (gf180mcu_fd_sc_mcu7t5v0__dffrnq_1)
     5    0.09                           io_out[1] (net)
                  2.19    0.00    2.56 ^ _464_/A3 (gf180mcu_fd_sc_mcu7t5v0__and4_1)
                  0.81    1.22    3.78 ^ _464_/Z (gf180mcu_fd_sc_mcu7t5v0__and4_1)
     6    0.03                           _065_ (net)
                  0.81    0.00    3.78 ^ _255_/A3 (gf180mcu_fd_sc_mcu7t5v0__nand4_1)
                  1.59    0.97    4.75 v _255_/ZN (gf180mcu_fd_sc_mcu7t5v0__nand4_1)
     8    0.03                           _104_ (net)
                  1.59    0.00    4.75 v _261_/A2 (gf180mcu_fd_sc_mcu7t5v0__nor3_1)
                  1.78    1.45    6.20 ^ _261_/ZN (gf180mcu_fd_sc_mcu7t5v0__nor3_1)
     5    0.02                           _110_ (net)
                  1.78    0.00    6.20 ^ _262_/A4 (gf180mcu_fd_sc_mcu7t5v0__and4_1)
                  0.53    0.94    7.14 ^ _262_/Z (gf180mcu_fd_sc_mcu7t5v0__and4_1)
     3    0.01                           _111_ (net)
                  0.53    0.00    7.14 ^ _265_/A3 (gf180mcu_fd_sc_mcu7t5v0__and3_1)
                  0.26    0.59    7.73 ^ _265_/Z (gf180mcu_fd_sc_mcu7t5v0__and3_1)
     1    0.00                           _114_ (net)
                  0.26    0.00    7.73 ^ _266_/A3 (gf180mcu_fd_sc_mcu7t5v0__nor3_1)
                  0.28    0.24    7.98 v _266_/ZN (gf180mcu_fd_sc_mcu7t5v0__nor3_1)
     1    0.00                           _115_ (net)
                  0.28    0.00    7.98 v _268_/A2 (gf180mcu_fd_sc_mcu7t5v0__oai32_1)
                  1.03    0.76    8.74 ^ _268_/ZN (gf180mcu_fd_sc_mcu7t5v0__oai32_1)
     1    0.00                           _058_ (net)
                  1.03    0.00    8.74 ^ _532_/D (gf180mcu_fd_sc_mcu7t5v0__dffrnq_1)
                                  8.74   data arrival time

                  0.15   30.00   30.00   clock wb_clk_i (rise edge)
                          0.00   30.00   clock network delay (ideal)
                         -0.25   29.75   clock uncertainty
                          0.00   29.75   clock reconvergence pessimism
                                 29.75 ^ _532_/CLK (gf180mcu_fd_sc_mcu7t5v0__dffrnq_1)
                         -0.59   29.16   library setup time
                                 29.16   data required time
-----------------------------------------------------------------------------
                                 29.16   data required time
                                 -8.74   data arrival time
-----------------------------------------------------------------------------
                                 20.42   slack (MET)



===========================================================================
report_checks --slack_max -0.01
============================================================================
No paths found.
